<?xml version="1.0" encoding="UTF-8"?>
<testsuite xmlns:xsi="http://www.w3.org/2001/XMLSchema-instance" xsi:noNamespaceSchemaLocation="https://maven.apache.org/surefire/maven-surefire-plugin/xsd/surefire-test-report-3.0.xsd" version="3.0" name="testscripts.Israel" time="1,715.274" tests="8" errors="0" skipped="0" failures="7">
  <properties>
    <property name="sun.desktop" value="windows"/>
    <property name="awt.toolkit" value="sun.awt.windows.WToolkit"/>
    <property name="java.specification.version" value="1.8"/>
    <property name="file.encoding.pkg" value="sun.io"/>
    <property name="webdriver.chrome.driver" value="P:\DX\drivers\chromedriver.exe"/>
    <property name="sun.cpu.isalist" value="pentium_pro+mmx pentium_pro pentium+mmx pentium i486 i386 i86"/>
    <property name="sun.jnu.encoding" value="Cp1252"/>
    <property name="java.class.path" value="P:\DX\target\test-classes;P:\DX\target\classes;C:\Users\ssenthil1\.m2\repository\org\seleniumhq\selenium\selenium-java\3.12.0\selenium-java-3.12.0.jar;C:\Users\ssenthil1\.m2\repository\org\seleniumhq\selenium\selenium-api\3.12.0\selenium-api-3.12.0.jar;C:\Users\ssenthil1\.m2\repository\org\seleniumhq\selenium\selenium-chrome-driver\3.12.0\selenium-chrome-driver-3.12.0.jar;C:\Users\ssenthil1\.m2\repository\org\seleniumhq\selenium\selenium-edge-driver\3.12.0\selenium-edge-driver-3.12.0.jar;C:\Users\ssenthil1\.m2\repository\org\seleniumhq\selenium\selenium-firefox-driver\3.12.0\selenium-firefox-driver-3.12.0.jar;C:\Users\ssenthil1\.m2\repository\org\seleniumhq\selenium\selenium-ie-driver\3.12.0\selenium-ie-driver-3.12.0.jar;C:\Users\ssenthil1\.m2\repository\org\seleniumhq\selenium\selenium-opera-driver\3.12.0\selenium-opera-driver-3.12.0.jar;C:\Users\ssenthil1\.m2\repository\org\seleniumhq\selenium\selenium-remote-driver\3.12.0\selenium-remote-driver-3.12.0.jar;C:\Users\ssenthil1\.m2\repository\org\seleniumhq\selenium\selenium-safari-driver\3.12.0\selenium-safari-driver-3.12.0.jar;C:\Users\ssenthil1\.m2\repository\org\seleniumhq\selenium\selenium-support\3.12.0\selenium-support-3.12.0.jar;C:\Users\ssenthil1\.m2\repository\net\bytebuddy\byte-buddy\1.8.3\byte-buddy-1.8.3.jar;C:\Users\ssenthil1\.m2\repository\org\apache\commons\commons-exec\1.3\commons-exec-1.3.jar;C:\Users\ssenthil1\.m2\repository\com\google\code\gson\gson\2.8.2\gson-2.8.2.jar;C:\Users\ssenthil1\.m2\repository\com\google\guava\guava\23.6-jre\guava-23.6-jre.jar;C:\Users\ssenthil1\.m2\repository\com\google\code\findbugs\jsr305\1.3.9\jsr305-1.3.9.jar;C:\Users\ssenthil1\.m2\repository\org\checkerframework\checker-compat-qual\2.0.0\checker-compat-qual-2.0.0.jar;C:\Users\ssenthil1\.m2\repository\com\google\errorprone\error_prone_annotations\2.1.3\error_prone_annotations-2.1.3.jar;C:\Users\ssenthil1\.m2\repository\com\google\j2objc\j2objc-annotations\1.1\j2objc-annotations-1.1.jar;C:\Users\ssenthil1\.m2\repository\org\codehaus\mojo\animal-sniffer-annotations\1.14\animal-sniffer-annotations-1.14.jar;C:\Users\ssenthil1\.m2\repository\com\squareup\okhttp3\okhttp\3.9.1\okhttp-3.9.1.jar;C:\Users\ssenthil1\.m2\repository\com\squareup\okio\okio\1.13.0\okio-1.13.0.jar;C:\Users\ssenthil1\.m2\repository\com\github\detro\ghostdriver\phantomjsdriver\1.1.0\phantomjsdriver-1.1.0.jar;C:\Users\ssenthil1\.m2\repository\org\seleniumhq\selenium\selenium-server\2.39.0\selenium-server-2.39.0.jar;C:\Users\ssenthil1\.m2\repository\org\bouncycastle\bcprov-jdk15on\1.48\bcprov-jdk15on-1.48.jar;C:\Users\ssenthil1\.m2\repository\org\bouncycastle\bcpkix-jdk15on\1.48\bcpkix-jdk15on-1.48.jar;C:\Users\ssenthil1\.m2\repository\mx4j\mx4j-tools\3.0.1\mx4j-tools-3.0.1.jar;C:\Users\ssenthil1\.m2\repository\org\mortbay\jetty\servlet-api-2.5\6.1.9\servlet-api-2.5-6.1.9.jar;C:\Users\ssenthil1\.m2\repository\org\seleniumhq\selenium\jetty-repacked\7.6.1\jetty-repacked-7.6.1.jar;C:\Users\ssenthil1\.m2\repository\net\jcip\jcip-annotations\1.0\jcip-annotations-1.0.jar;C:\Users\ssenthil1\.m2\repository\org\yaml\snakeyaml\1.8\snakeyaml-1.8.jar;C:\Users\ssenthil1\.m2\repository\io\appium\java-client\6.1.0\java-client-6.1.0.jar;C:\Users\ssenthil1\.m2\repository\cglib\cglib\3.2.6\cglib-3.2.6.jar;C:\Users\ssenthil1\.m2\repository\org\ow2\asm\asm\6.0\asm-6.0.jar;C:\Users\ssenthil1\.m2\repository\org\apache\ant\ant\1.9.6\ant-1.9.6.jar;C:\Users\ssenthil1\.m2\repository\org\apache\ant\ant-launcher\1.9.6\ant-launcher-1.9.6.jar;C:\Users\ssenthil1\.m2\repository\commons-validator\commons-validator\1.6\commons-validator-1.6.jar;C:\Users\ssenthil1\.m2\repository\commons-beanutils\commons-beanutils\1.9.2\commons-beanutils-1.9.2.jar;C:\Users\ssenthil1\.m2\repository\commons-digester\commons-digester\1.8.1\commons-digester-1.8.1.jar;C:\Users\ssenthil1\.m2\repository\commons-collections\commons-collections\3.2.2\commons-collections-3.2.2.jar;C:\Users\ssenthil1\.m2\repository\commons-io\commons-io\2.6\commons-io-2.6.jar;C:\Users\ssenthil1\.m2\repository\org\springframework\spring-context\5.0.5.RELEASE\spring-context-5.0.5.RELEASE.jar;C:\Users\ssenthil1\.m2\repository\org\springframework\spring-aop\5.0.5.RELEASE\spring-aop-5.0.5.RELEASE.jar;C:\Users\ssenthil1\.m2\repository\org\springframework\spring-beans\5.0.5.RELEASE\spring-beans-5.0.5.RELEASE.jar;C:\Users\ssenthil1\.m2\repository\org\springframework\spring-core\5.0.5.RELEASE\spring-core-5.0.5.RELEASE.jar;C:\Users\ssenthil1\.m2\repository\org\springframework\spring-jcl\5.0.5.RELEASE\spring-jcl-5.0.5.RELEASE.jar;C:\Users\ssenthil1\.m2\repository\org\springframework\spring-expression\5.0.5.RELEASE\spring-expression-5.0.5.RELEASE.jar;C:\Users\ssenthil1\.m2\repository\org\aspectj\aspectjweaver\1.9.1\aspectjweaver-1.9.1.jar;C:\Users\ssenthil1\.m2\repository\org\openpnp\opencv\3.2.0-1\opencv-3.2.0-1.jar;C:\Users\ssenthil1\.m2\repository\org\testng\testng\6.14.3\testng-6.14.3.jar;C:\Users\ssenthil1\.m2\repository\com\beust\jcommander\1.72\jcommander-1.72.jar;C:\Users\ssenthil1\.m2\repository\org\apache-extras\beanshell\bsh\2.0b6\bsh-2.0b6.jar;C:\Users\ssenthil1\.m2\repository\com\sun\jersey\jersey-client\1.19\jersey-client-1.19.jar;C:\Users\ssenthil1\.m2\repository\com\agiletestware\bumblebee-annotations\0.1.5\bumblebee-annotations-0.1.5.jar;C:\Users\ssenthil1\.m2\repository\log4j\log4j\1.2.17\log4j-1.2.17.jar;C:\Users\ssenthil1\.m2\repository\com\agiletestware\bumblebee-client\0.1.5\bumblebee-client-0.1.5.jar;C:\Users\ssenthil1\.m2\repository\com\agiletestware\bumblebee-shared\0.1.5\bumblebee-shared-0.1.5.jar;C:\Users\ssenthil1\.m2\repository\com\sun\xml\bind\jaxb-core\2.2.11\jaxb-core-2.2.11.jar;C:\Users\ssenthil1\.m2\repository\com\sun\xml\bind\jaxb-impl\2.2.11\jaxb-impl-2.2.11.jar;C:\Users\ssenthil1\.m2\repository\org\slf4j\slf4j-log4j12\1.7.29\slf4j-log4j12-1.7.29.jar;C:\Users\ssenthil1\.m2\repository\org\slf4j\slf4j-api\1.7.29\slf4j-api-1.7.29.jar;C:\Users\ssenthil1\.m2\repository\com\sun\jersey\jersey-core\1.19\jersey-core-1.19.jar;C:\Users\ssenthil1\.m2\repository\javax\ws\rs\jsr311-api\1.1.1\jsr311-api-1.1.1.jar;C:\Users\ssenthil1\.m2\repository\javax\ws\rs\javax.ws.rs-api\2.0\javax.ws.rs-api-2.0.jar;C:\Users\ssenthil1\.m2\repository\org\apache\poi\poi\3.17\poi-3.17.jar;C:\Users\ssenthil1\.m2\repository\org\apache\commons\commons-collections4\4.1\commons-collections4-4.1.jar;C:\Users\ssenthil1\.m2\repository\org\apache\poi\poi-ooxml\3.17\poi-ooxml-3.17.jar;C:\Users\ssenthil1\.m2\repository\com\github\virtuald\curvesapi\1.04\curvesapi-1.04.jar;C:\Users\ssenthil1\.m2\repository\org\apache\poi\poi-ooxml-schemas\3.17\poi-ooxml-schemas-3.17.jar;C:\Users\ssenthil1\.m2\repository\stax\stax-api\1.0.1\stax-api-1.0.1.jar;C:\Users\ssenthil1\.m2\repository\org\apache\xmlbeans\xmlbeans\3.0.0\xmlbeans-3.0.0.jar;C:\Users\ssenthil1\.m2\repository\io\github\sukgu\automation\0.1.3\automation-0.1.3.jar;C:\Users\ssenthil1\.m2\repository\io\github\bonigarcia\webdrivermanager\3.8.1\webdrivermanager-3.8.1.jar;C:\Users\ssenthil1\.m2\repository\org\rauschig\jarchivelib\1.0.0\jarchivelib-1.0.0.jar;C:\Users\ssenthil1\.m2\repository\org\apache\commons\commons-compress\1.18\commons-compress-1.18.jar;C:\Users\ssenthil1\.m2\repository\io\rest-assured\rest-assured\3.0.7\rest-assured-3.0.7.jar;C:\Users\ssenthil1\.m2\repository\io\rest-assured\json-path\3.0.7\json-path-3.0.7.jar;C:\Users\ssenthil1\.m2\repository\io\rest-assured\rest-assured-common\3.0.7\rest-assured-common-3.0.7.jar;C:\Users\ssenthil1\.m2\repository\io\rest-assured\xml-path\3.0.7\xml-path-3.0.7.jar;C:\Users\ssenthil1\.m2\repository\commons-codec\commons-codec\1.11\commons-codec-1.11.jar;C:\Users\ssenthil1\.m2\repository\org\apache\commons\commons-lang3\3.7\commons-lang3-3.7.jar;C:\Users\ssenthil1\.m2\repository\commons-logging\commons-logging\1.2\commons-logging-1.2.jar;C:\Users\ssenthil1\.m2\repository\org\codehaus\groovy\groovy\2.4.15\groovy-2.4.15.jar;C:\Users\ssenthil1\.m2\repository\org\codehaus\groovy\groovy-json\2.4.15\groovy-json-2.4.15.jar;C:\Users\ssenthil1\.m2\repository\org\codehaus\groovy\groovy-xml\2.4.15\groovy-xml-2.4.15.jar;C:\Users\ssenthil1\.m2\repository\org\hamcrest\hamcrest-core\1.3\hamcrest-core-1.3.jar;C:\Users\ssenthil1\.m2\repository\org\mockito\mockito-all\1.9.5\mockito-all-1.9.5.jar;C:\Users\ssenthil1\.m2\repository\junit\junit\4.11\junit-4.11.jar;C:\Users\ssenthil1\.m2\repository\org\hamcrest\hamcrest-library\1.3\hamcrest-library-1.3.jar;C:\Users\ssenthil1\.m2\repository\org\apache\httpcomponents\httpclient\4.5.6\httpclient-4.5.6.jar;C:\Users\ssenthil1\.m2\repository\org\apache\httpcomponents\httpcore\4.4.10\httpcore-4.4.10.jar;C:\Users\ssenthil1\.m2\repository\org\apache\httpcomponents\httpmime\4.5.6\httpmime-4.5.6.jar;C:\Users\ssenthil1\.m2\repository\javax\xml\bind\jaxb-api\2.3.0\jaxb-api-2.3.0.jar;C:\Users\ssenthil1\.m2\repository\org\ccil\cowan\tagsoup\tagsoup\1.2.1\tagsoup-1.2.1.jar;C:\Users\ssenthil1\.m2\repository\org\json\json\20180130\json-20180130.jar;C:\Users\ssenthil1\.m2\repository\com\vimalselvam\cucumber-extentsreport\3.1.0\cucumber-extentsreport-3.1.0.jar;C:\Users\ssenthil1\.m2\repository\com\aventstack\extentreports\3.1.1\extentreports-3.1.1.jar;C:\Users\ssenthil1\.m2\repository\org\freemarker\freemarker\2.3.23\freemarker-2.3.23.jar;C:\Users\ssenthil1\.m2\repository\org\mongodb\mongodb-driver\3.3.0\mongodb-driver-3.3.0.jar;C:\Users\ssenthil1\.m2\repository\org\mongodb\bson\3.3.0\bson-3.3.0.jar;C:\Users\ssenthil1\.m2\repository\org\mongodb\mongodb-driver-core\3.3.0\mongodb-driver-core-3.3.0.jar;C:\Users\ssenthil1\.m2\repository\org\jsoup\jsoup\1.11.3\jsoup-1.11.3.jar;C:\Users\ssenthil1\.m2\repository\us\codecraft\xsoup\0.3.1\xsoup-0.3.1.jar;C:\Users\ssenthil1\.m2\repository\org\assertj\assertj-core\1.5.0\assertj-core-1.5.0.jar;C:\Users\ssenthil1\.m2\repository\com\gilead\apps\decrypter\1.0\decrypter-1.0.jar;C:\Users\ssenthil1\.m2\repository\com\applitools\eyes-selenium-java5\5.39.0\eyes-selenium-java5-5.39.0.jar;C:\Users\ssenthil1\.m2\repository\com\applitools\eyes-common-java5\5.39.0\eyes-common-java5-5.39.0.jar;C:\Users\ssenthil1\.m2\repository\org\imgscalr\imgscalr-lib\4.2\imgscalr-lib-4.2.jar;C:\Users\ssenthil1\.m2\repository\org\brotli\dec\0.1.1\dec-0.1.1.jar;C:\Users\ssenthil1\.m2\repository\com\fasterxml\jackson\core\jackson-databind\2.13.3\jackson-databind-2.13.3.jar;C:\Users\ssenthil1\.m2\repository\com\fasterxml\jackson\core\jackson-annotations\2.13.3\jackson-annotations-2.13.3.jar;C:\Users\ssenthil1\.m2\repository\com\fasterxml\jackson\core\jackson-core\2.13.3\jackson-core-2.13.3.jar;C:\Users\ssenthil1\.m2\repository\com\applitools\eyes-selenium-common-java5\5.39.0\eyes-selenium-common-java5-5.39.0.jar;C:\Users\ssenthil1\.m2\repository\com\applitools\eyes-sdk-core-java5\5.39.0\eyes-sdk-core-java5-5.39.0.jar;C:\Users\ssenthil1\.m2\repository\com\applitools\eyes-ufg-java5\5.39.0\eyes-ufg-java5-5.39.0.jar;C:\Users\ssenthil1\.m2\repository\com\applitools\eyes-connectivity-java5\5.39.0\eyes-connectivity-java5-5.39.0.jar;C:\Users\ssenthil1\.m2\repository\net\sourceforge\cssparser\cssparser\0.9.27\cssparser-0.9.27.jar;C:\Users\ssenthil1\.m2\repository\org\w3c\css\sac\1.3\sac-1.3.jar;C:\Users\ssenthil1\.m2\repository\com\applitools\eyes-connectivity-java5-jersey2x\5.39.0\eyes-connectivity-java5-jersey2x-5.39.0.jar;C:\Users\ssenthil1\.m2\repository\org\glassfish\jersey\connectors\jersey-apache-connector\2.29\jersey-apache-connector-2.29.jar;C:\Users\ssenthil1\.m2\repository\org\glassfish\jersey\core\jersey-common\2.29\jersey-common-2.29.jar;C:\Users\ssenthil1\.m2\repository\jakarta\annotation\jakarta.annotation-api\1.3.4\jakarta.annotation-api-1.3.4.jar;C:\Users\ssenthil1\.m2\repository\org\glassfish\hk2\osgi-resource-locator\1.0.3\osgi-resource-locator-1.0.3.jar;C:\Users\ssenthil1\.m2\repository\jakarta\ws\rs\jakarta.ws.rs-api\2.1.5\jakarta.ws.rs-api-2.1.5.jar;C:\Users\ssenthil1\.m2\repository\org\glassfish\jersey\core\jersey-client\2.29\jersey-client-2.29.jar;C:\Users\ssenthil1\.m2\repository\org\glassfish\hk2\external\jakarta.inject\2.5.0\jakarta.inject-2.5.0.jar;C:\Users\ssenthil1\.m2\repository\org\glassfish\jersey\inject\jersey-hk2\2.29\jersey-hk2-2.29.jar;C:\Users\ssenthil1\.m2\repository\org\glassfish\hk2\hk2-locator\2.5.0\hk2-locator-2.5.0.jar;C:\Users\ssenthil1\.m2\repository\org\glassfish\hk2\external\aopalliance-repackaged\2.5.0\aopalliance-repackaged-2.5.0.jar;C:\Users\ssenthil1\.m2\repository\org\glassfish\hk2\hk2-api\2.5.0\hk2-api-2.5.0.jar;C:\Users\ssenthil1\.m2\repository\org\glassfish\hk2\hk2-utils\2.5.0\hk2-utils-2.5.0.jar;C:\Users\ssenthil1\.m2\repository\org\javassist\javassist\3.22.0-CR2\javassist-3.22.0-CR2.jar;C:\Users\ssenthil1\.m2\repository\javax\websocket\javax.websocket-client-api\1.1\javax.websocket-client-api-1.1.jar;C:\Users\ssenthil1\.m2\repository\org\asynchttpclient\async-http-client\2.12.3\async-http-client-2.12.3.jar;C:\Users\ssenthil1\.m2\repository\org\asynchttpclient\async-http-client-netty-utils\2.12.3\async-http-client-netty-utils-2.12.3.jar;C:\Users\ssenthil1\.m2\repository\io\netty\netty-buffer\4.1.60.Final\netty-buffer-4.1.60.Final.jar;C:\Users\ssenthil1\.m2\repository\io\netty\netty-codec-http\4.1.60.Final\netty-codec-http-4.1.60.Final.jar;C:\Users\ssenthil1\.m2\repository\io\netty\netty-common\4.1.60.Final\netty-common-4.1.60.Final.jar;C:\Users\ssenthil1\.m2\repository\io\netty\netty-transport\4.1.60.Final\netty-transport-4.1.60.Final.jar;C:\Users\ssenthil1\.m2\repository\io\netty\netty-codec\4.1.60.Final\netty-codec-4.1.60.Final.jar;C:\Users\ssenthil1\.m2\repository\io\netty\netty-handler\4.1.60.Final\netty-handler-4.1.60.Final.jar;C:\Users\ssenthil1\.m2\repository\io\netty\netty-resolver\4.1.60.Final\netty-resolver-4.1.60.Final.jar;C:\Users\ssenthil1\.m2\repository\io\netty\netty-codec-socks\4.1.60.Final\netty-codec-socks-4.1.60.Final.jar;C:\Users\ssenthil1\.m2\repository\io\netty\netty-handler-proxy\4.1.60.Final\netty-handler-proxy-4.1.60.Final.jar;C:\Users\ssenthil1\.m2\repository\io\netty\netty-transport-native-epoll\4.1.60.Final\netty-transport-native-epoll-4.1.60.Final-linux-x86_64.jar;C:\Users\ssenthil1\.m2\repository\io\netty\netty-transport-native-unix-common\4.1.60.Final\netty-transport-native-unix-common-4.1.60.Final.jar;C:\Users\ssenthil1\.m2\repository\io\netty\netty-transport-native-kqueue\4.1.60.Final\netty-transport-native-kqueue-4.1.60.Final-osx-x86_64.jar;C:\Users\ssenthil1\.m2\repository\org\reactivestreams\reactive-streams\1.0.3\reactive-streams-1.0.3.jar;C:\Users\ssenthil1\.m2\repository\com\typesafe\netty\netty-reactive-streams\2.0.4\netty-reactive-streams-2.0.4.jar;C:\Users\ssenthil1\.m2\repository\com\sun\activation\jakarta.activation\1.2.2\jakarta.activation-1.2.2.jar;C:\Users\ssenthil1\.m2\repository\com\applitools\eyes-universal-core\5.39.0\eyes-universal-core-5.39.0.jar;C:\Users\ssenthil1\.m2\repository\com\helger\ph-css\6.1.1\ph-css-6.1.1.jar;C:\Users\ssenthil1\.m2\repository\com\helger\ph-commons\9.0.2\ph-commons-9.0.2.jar;C:\Users\ssenthil1\.m2\repository\javax\activation\activation\1.1.1\activation-1.1.1.jar;"/>
    <property name="sun.awt.enableExtraMouseButtons" value="true"/>
    <property name="java.vm.vendor" value=""/>
    <property name="sun.arch.data.model" value="32"/>
    <property name="user.variant" value=""/>
    <property name="java.vendor.url" value="http://java.oracle.com/"/>
    <property name="user.timezone" value="Asia/Calcutta"/>
    <property name="java.vm.specification.version" value="1.8"/>
    <property name="os.name" value="Windows 10"/>
    <property name="user.country" value="US"/>
    <property name="sun.java.launcher" value="SUN_STANDARD"/>
    <property name="sun.boot.library.path" value="C:\Program Files (x86)\Common Files\MicroStrategy\JRE\180_222\Win32\bin"/>
    <property name="sun.java.command" value="C:\Users\local_ssenthil1\Temp\1\surefire4499152004388583096\surefirebooter7053265781064480554.jar C:\Users\local_ssenthil1\Temp\1\surefire4499152004388583096 2023-06-09T14-38-58_915-jvmRun1 surefire8386169050422665399tmp surefire_03720854689853018157tmp"/>
    <property name="test" value="Israel"/>
    <property name="surefire.test.class.path" value="P:\DX\target\test-classes;P:\DX\target\classes;C:\Users\ssenthil1\.m2\repository\org\seleniumhq\selenium\selenium-java\3.12.0\selenium-java-3.12.0.jar;C:\Users\ssenthil1\.m2\repository\org\seleniumhq\selenium\selenium-api\3.12.0\selenium-api-3.12.0.jar;C:\Users\ssenthil1\.m2\repository\org\seleniumhq\selenium\selenium-chrome-driver\3.12.0\selenium-chrome-driver-3.12.0.jar;C:\Users\ssenthil1\.m2\repository\org\seleniumhq\selenium\selenium-edge-driver\3.12.0\selenium-edge-driver-3.12.0.jar;C:\Users\ssenthil1\.m2\repository\org\seleniumhq\selenium\selenium-firefox-driver\3.12.0\selenium-firefox-driver-3.12.0.jar;C:\Users\ssenthil1\.m2\repository\org\seleniumhq\selenium\selenium-ie-driver\3.12.0\selenium-ie-driver-3.12.0.jar;C:\Users\ssenthil1\.m2\repository\org\seleniumhq\selenium\selenium-opera-driver\3.12.0\selenium-opera-driver-3.12.0.jar;C:\Users\ssenthil1\.m2\repository\org\seleniumhq\selenium\selenium-remote-driver\3.12.0\selenium-remote-driver-3.12.0.jar;C:\Users\ssenthil1\.m2\repository\org\seleniumhq\selenium\selenium-safari-driver\3.12.0\selenium-safari-driver-3.12.0.jar;C:\Users\ssenthil1\.m2\repository\org\seleniumhq\selenium\selenium-support\3.12.0\selenium-support-3.12.0.jar;C:\Users\ssenthil1\.m2\repository\net\bytebuddy\byte-buddy\1.8.3\byte-buddy-1.8.3.jar;C:\Users\ssenthil1\.m2\repository\org\apache\commons\commons-exec\1.3\commons-exec-1.3.jar;C:\Users\ssenthil1\.m2\repository\com\google\code\gson\gson\2.8.2\gson-2.8.2.jar;C:\Users\ssenthil1\.m2\repository\com\google\guava\guava\23.6-jre\guava-23.6-jre.jar;C:\Users\ssenthil1\.m2\repository\com\google\code\findbugs\jsr305\1.3.9\jsr305-1.3.9.jar;C:\Users\ssenthil1\.m2\repository\org\checkerframework\checker-compat-qual\2.0.0\checker-compat-qual-2.0.0.jar;C:\Users\ssenthil1\.m2\repository\com\google\errorprone\error_prone_annotations\2.1.3\error_prone_annotations-2.1.3.jar;C:\Users\ssenthil1\.m2\repository\com\google\j2objc\j2objc-annotations\1.1\j2objc-annotations-1.1.jar;C:\Users\ssenthil1\.m2\repository\org\codehaus\mojo\animal-sniffer-annotations\1.14\animal-sniffer-annotations-1.14.jar;C:\Users\ssenthil1\.m2\repository\com\squareup\okhttp3\okhttp\3.9.1\okhttp-3.9.1.jar;C:\Users\ssenthil1\.m2\repository\com\squareup\okio\okio\1.13.0\okio-1.13.0.jar;C:\Users\ssenthil1\.m2\repository\com\github\detro\ghostdriver\phantomjsdriver\1.1.0\phantomjsdriver-1.1.0.jar;C:\Users\ssenthil1\.m2\repository\org\seleniumhq\selenium\selenium-server\2.39.0\selenium-server-2.39.0.jar;C:\Users\ssenthil1\.m2\repository\org\bouncycastle\bcprov-jdk15on\1.48\bcprov-jdk15on-1.48.jar;C:\Users\ssenthil1\.m2\repository\org\bouncycastle\bcpkix-jdk15on\1.48\bcpkix-jdk15on-1.48.jar;C:\Users\ssenthil1\.m2\repository\mx4j\mx4j-tools\3.0.1\mx4j-tools-3.0.1.jar;C:\Users\ssenthil1\.m2\repository\org\mortbay\jetty\servlet-api-2.5\6.1.9\servlet-api-2.5-6.1.9.jar;C:\Users\ssenthil1\.m2\repository\org\seleniumhq\selenium\jetty-repacked\7.6.1\jetty-repacked-7.6.1.jar;C:\Users\ssenthil1\.m2\repository\net\jcip\jcip-annotations\1.0\jcip-annotations-1.0.jar;C:\Users\ssenthil1\.m2\repository\org\yaml\snakeyaml\1.8\snakeyaml-1.8.jar;C:\Users\ssenthil1\.m2\repository\io\appium\java-client\6.1.0\java-client-6.1.0.jar;C:\Users\ssenthil1\.m2\repository\cglib\cglib\3.2.6\cglib-3.2.6.jar;C:\Users\ssenthil1\.m2\repository\org\ow2\asm\asm\6.0\asm-6.0.jar;C:\Users\ssenthil1\.m2\repository\org\apache\ant\ant\1.9.6\ant-1.9.6.jar;C:\Users\ssenthil1\.m2\repository\org\apache\ant\ant-launcher\1.9.6\ant-launcher-1.9.6.jar;C:\Users\ssenthil1\.m2\repository\commons-validator\commons-validator\1.6\commons-validator-1.6.jar;C:\Users\ssenthil1\.m2\repository\commons-beanutils\commons-beanutils\1.9.2\commons-beanutils-1.9.2.jar;C:\Users\ssenthil1\.m2\repository\commons-digester\commons-digester\1.8.1\commons-digester-1.8.1.jar;C:\Users\ssenthil1\.m2\repository\commons-collections\commons-collections\3.2.2\commons-collections-3.2.2.jar;C:\Users\ssenthil1\.m2\repository\commons-io\commons-io\2.6\commons-io-2.6.jar;C:\Users\ssenthil1\.m2\repository\org\springframework\spring-context\5.0.5.RELEASE\spring-context-5.0.5.RELEASE.jar;C:\Users\ssenthil1\.m2\repository\org\springframework\spring-aop\5.0.5.RELEASE\spring-aop-5.0.5.RELEASE.jar;C:\Users\ssenthil1\.m2\repository\org\springframework\spring-beans\5.0.5.RELEASE\spring-beans-5.0.5.RELEASE.jar;C:\Users\ssenthil1\.m2\repository\org\springframework\spring-core\5.0.5.RELEASE\spring-core-5.0.5.RELEASE.jar;C:\Users\ssenthil1\.m2\repository\org\springframework\spring-jcl\5.0.5.RELEASE\spring-jcl-5.0.5.RELEASE.jar;C:\Users\ssenthil1\.m2\repository\org\springframework\spring-expression\5.0.5.RELEASE\spring-expression-5.0.5.RELEASE.jar;C:\Users\ssenthil1\.m2\repository\org\aspectj\aspectjweaver\1.9.1\aspectjweaver-1.9.1.jar;C:\Users\ssenthil1\.m2\repository\org\openpnp\opencv\3.2.0-1\opencv-3.2.0-1.jar;C:\Users\ssenthil1\.m2\repository\org\testng\testng\6.14.3\testng-6.14.3.jar;C:\Users\ssenthil1\.m2\repository\com\beust\jcommander\1.72\jcommander-1.72.jar;C:\Users\ssenthil1\.m2\repository\org\apache-extras\beanshell\bsh\2.0b6\bsh-2.0b6.jar;C:\Users\ssenthil1\.m2\repository\com\sun\jersey\jersey-client\1.19\jersey-client-1.19.jar;C:\Users\ssenthil1\.m2\repository\com\agiletestware\bumblebee-annotations\0.1.5\bumblebee-annotations-0.1.5.jar;C:\Users\ssenthil1\.m2\repository\log4j\log4j\1.2.17\log4j-1.2.17.jar;C:\Users\ssenthil1\.m2\repository\com\agiletestware\bumblebee-client\0.1.5\bumblebee-client-0.1.5.jar;C:\Users\ssenthil1\.m2\repository\com\agiletestware\bumblebee-shared\0.1.5\bumblebee-shared-0.1.5.jar;C:\Users\ssenthil1\.m2\repository\com\sun\xml\bind\jaxb-core\2.2.11\jaxb-core-2.2.11.jar;C:\Users\ssenthil1\.m2\repository\com\sun\xml\bind\jaxb-impl\2.2.11\jaxb-impl-2.2.11.jar;C:\Users\ssenthil1\.m2\repository\org\slf4j\slf4j-log4j12\1.7.29\slf4j-log4j12-1.7.29.jar;C:\Users\ssenthil1\.m2\repository\org\slf4j\slf4j-api\1.7.29\slf4j-api-1.7.29.jar;C:\Users\ssenthil1\.m2\repository\com\sun\jersey\jersey-core\1.19\jersey-core-1.19.jar;C:\Users\ssenthil1\.m2\repository\javax\ws\rs\jsr311-api\1.1.1\jsr311-api-1.1.1.jar;C:\Users\ssenthil1\.m2\repository\javax\ws\rs\javax.ws.rs-api\2.0\javax.ws.rs-api-2.0.jar;C:\Users\ssenthil1\.m2\repository\org\apache\poi\poi\3.17\poi-3.17.jar;C:\Users\ssenthil1\.m2\repository\org\apache\commons\commons-collections4\4.1\commons-collections4-4.1.jar;C:\Users\ssenthil1\.m2\repository\org\apache\poi\poi-ooxml\3.17\poi-ooxml-3.17.jar;C:\Users\ssenthil1\.m2\repository\com\github\virtuald\curvesapi\1.04\curvesapi-1.04.jar;C:\Users\ssenthil1\.m2\repository\org\apache\poi\poi-ooxml-schemas\3.17\poi-ooxml-schemas-3.17.jar;C:\Users\ssenthil1\.m2\repository\stax\stax-api\1.0.1\stax-api-1.0.1.jar;C:\Users\ssenthil1\.m2\repository\org\apache\xmlbeans\xmlbeans\3.0.0\xmlbeans-3.0.0.jar;C:\Users\ssenthil1\.m2\repository\io\github\sukgu\automation\0.1.3\automation-0.1.3.jar;C:\Users\ssenthil1\.m2\repository\io\github\bonigarcia\webdrivermanager\3.8.1\webdrivermanager-3.8.1.jar;C:\Users\ssenthil1\.m2\repository\org\rauschig\jarchivelib\1.0.0\jarchivelib-1.0.0.jar;C:\Users\ssenthil1\.m2\repository\org\apache\commons\commons-compress\1.18\commons-compress-1.18.jar;C:\Users\ssenthil1\.m2\repository\io\rest-assured\rest-assured\3.0.7\rest-assured-3.0.7.jar;C:\Users\ssenthil1\.m2\repository\io\rest-assured\json-path\3.0.7\json-path-3.0.7.jar;C:\Users\ssenthil1\.m2\repository\io\rest-assured\rest-assured-common\3.0.7\rest-assured-common-3.0.7.jar;C:\Users\ssenthil1\.m2\repository\io\rest-assured\xml-path\3.0.7\xml-path-3.0.7.jar;C:\Users\ssenthil1\.m2\repository\commons-codec\commons-codec\1.11\commons-codec-1.11.jar;C:\Users\ssenthil1\.m2\repository\org\apache\commons\commons-lang3\3.7\commons-lang3-3.7.jar;C:\Users\ssenthil1\.m2\repository\commons-logging\commons-logging\1.2\commons-logging-1.2.jar;C:\Users\ssenthil1\.m2\repository\org\codehaus\groovy\groovy\2.4.15\groovy-2.4.15.jar;C:\Users\ssenthil1\.m2\repository\org\codehaus\groovy\groovy-json\2.4.15\groovy-json-2.4.15.jar;C:\Users\ssenthil1\.m2\repository\org\codehaus\groovy\groovy-xml\2.4.15\groovy-xml-2.4.15.jar;C:\Users\ssenthil1\.m2\repository\org\hamcrest\hamcrest-core\1.3\hamcrest-core-1.3.jar;C:\Users\ssenthil1\.m2\repository\org\mockito\mockito-all\1.9.5\mockito-all-1.9.5.jar;C:\Users\ssenthil1\.m2\repository\junit\junit\4.11\junit-4.11.jar;C:\Users\ssenthil1\.m2\repository\org\hamcrest\hamcrest-library\1.3\hamcrest-library-1.3.jar;C:\Users\ssenthil1\.m2\repository\org\apache\httpcomponents\httpclient\4.5.6\httpclient-4.5.6.jar;C:\Users\ssenthil1\.m2\repository\org\apache\httpcomponents\httpcore\4.4.10\httpcore-4.4.10.jar;C:\Users\ssenthil1\.m2\repository\org\apache\httpcomponents\httpmime\4.5.6\httpmime-4.5.6.jar;C:\Users\ssenthil1\.m2\repository\javax\xml\bind\jaxb-api\2.3.0\jaxb-api-2.3.0.jar;C:\Users\ssenthil1\.m2\repository\org\ccil\cowan\tagsoup\tagsoup\1.2.1\tagsoup-1.2.1.jar;C:\Users\ssenthil1\.m2\repository\org\json\json\20180130\json-20180130.jar;C:\Users\ssenthil1\.m2\repository\com\vimalselvam\cucumber-extentsreport\3.1.0\cucumber-extentsreport-3.1.0.jar;C:\Users\ssenthil1\.m2\repository\com\aventstack\extentreports\3.1.1\extentreports-3.1.1.jar;C:\Users\ssenthil1\.m2\repository\org\freemarker\freemarker\2.3.23\freemarker-2.3.23.jar;C:\Users\ssenthil1\.m2\repository\org\mongodb\mongodb-driver\3.3.0\mongodb-driver-3.3.0.jar;C:\Users\ssenthil1\.m2\repository\org\mongodb\bson\3.3.0\bson-3.3.0.jar;C:\Users\ssenthil1\.m2\repository\org\mongodb\mongodb-driver-core\3.3.0\mongodb-driver-core-3.3.0.jar;C:\Users\ssenthil1\.m2\repository\org\jsoup\jsoup\1.11.3\jsoup-1.11.3.jar;C:\Users\ssenthil1\.m2\repository\us\codecraft\xsoup\0.3.1\xsoup-0.3.1.jar;C:\Users\ssenthil1\.m2\repository\org\assertj\assertj-core\1.5.0\assertj-core-1.5.0.jar;C:\Users\ssenthil1\.m2\repository\com\gilead\apps\decrypter\1.0\decrypter-1.0.jar;C:\Users\ssenthil1\.m2\repository\com\applitools\eyes-selenium-java5\5.39.0\eyes-selenium-java5-5.39.0.jar;C:\Users\ssenthil1\.m2\repository\com\applitools\eyes-common-java5\5.39.0\eyes-common-java5-5.39.0.jar;C:\Users\ssenthil1\.m2\repository\org\imgscalr\imgscalr-lib\4.2\imgscalr-lib-4.2.jar;C:\Users\ssenthil1\.m2\repository\org\brotli\dec\0.1.1\dec-0.1.1.jar;C:\Users\ssenthil1\.m2\repository\com\fasterxml\jackson\core\jackson-databind\2.13.3\jackson-databind-2.13.3.jar;C:\Users\ssenthil1\.m2\repository\com\fasterxml\jackson\core\jackson-annotations\2.13.3\jackson-annotations-2.13.3.jar;C:\Users\ssenthil1\.m2\repository\com\fasterxml\jackson\core\jackson-core\2.13.3\jackson-core-2.13.3.jar;C:\Users\ssenthil1\.m2\repository\com\applitools\eyes-selenium-common-java5\5.39.0\eyes-selenium-common-java5-5.39.0.jar;C:\Users\ssenthil1\.m2\repository\com\applitools\eyes-sdk-core-java5\5.39.0\eyes-sdk-core-java5-5.39.0.jar;C:\Users\ssenthil1\.m2\repository\com\applitools\eyes-ufg-java5\5.39.0\eyes-ufg-java5-5.39.0.jar;C:\Users\ssenthil1\.m2\repository\com\applitools\eyes-connectivity-java5\5.39.0\eyes-connectivity-java5-5.39.0.jar;C:\Users\ssenthil1\.m2\repository\net\sourceforge\cssparser\cssparser\0.9.27\cssparser-0.9.27.jar;C:\Users\ssenthil1\.m2\repository\org\w3c\css\sac\1.3\sac-1.3.jar;C:\Users\ssenthil1\.m2\repository\com\applitools\eyes-connectivity-java5-jersey2x\5.39.0\eyes-connectivity-java5-jersey2x-5.39.0.jar;C:\Users\ssenthil1\.m2\repository\org\glassfish\jersey\connectors\jersey-apache-connector\2.29\jersey-apache-connector-2.29.jar;C:\Users\ssenthil1\.m2\repository\org\glassfish\jersey\core\jersey-common\2.29\jersey-common-2.29.jar;C:\Users\ssenthil1\.m2\repository\jakarta\annotation\jakarta.annotation-api\1.3.4\jakarta.annotation-api-1.3.4.jar;C:\Users\ssenthil1\.m2\repository\org\glassfish\hk2\osgi-resource-locator\1.0.3\osgi-resource-locator-1.0.3.jar;C:\Users\ssenthil1\.m2\repository\jakarta\ws\rs\jakarta.ws.rs-api\2.1.5\jakarta.ws.rs-api-2.1.5.jar;C:\Users\ssenthil1\.m2\repository\org\glassfish\jersey\core\jersey-client\2.29\jersey-client-2.29.jar;C:\Users\ssenthil1\.m2\repository\org\glassfish\hk2\external\jakarta.inject\2.5.0\jakarta.inject-2.5.0.jar;C:\Users\ssenthil1\.m2\repository\org\glassfish\jersey\inject\jersey-hk2\2.29\jersey-hk2-2.29.jar;C:\Users\ssenthil1\.m2\repository\org\glassfish\hk2\hk2-locator\2.5.0\hk2-locator-2.5.0.jar;C:\Users\ssenthil1\.m2\repository\org\glassfish\hk2\external\aopalliance-repackaged\2.5.0\aopalliance-repackaged-2.5.0.jar;C:\Users\ssenthil1\.m2\repository\org\glassfish\hk2\hk2-api\2.5.0\hk2-api-2.5.0.jar;C:\Users\ssenthil1\.m2\repository\org\glassfish\hk2\hk2-utils\2.5.0\hk2-utils-2.5.0.jar;C:\Users\ssenthil1\.m2\repository\org\javassist\javassist\3.22.0-CR2\javassist-3.22.0-CR2.jar;C:\Users\ssenthil1\.m2\repository\javax\websocket\javax.websocket-client-api\1.1\javax.websocket-client-api-1.1.jar;C:\Users\ssenthil1\.m2\repository\org\asynchttpclient\async-http-client\2.12.3\async-http-client-2.12.3.jar;C:\Users\ssenthil1\.m2\repository\org\asynchttpclient\async-http-client-netty-utils\2.12.3\async-http-client-netty-utils-2.12.3.jar;C:\Users\ssenthil1\.m2\repository\io\netty\netty-buffer\4.1.60.Final\netty-buffer-4.1.60.Final.jar;C:\Users\ssenthil1\.m2\repository\io\netty\netty-codec-http\4.1.60.Final\netty-codec-http-4.1.60.Final.jar;C:\Users\ssenthil1\.m2\repository\io\netty\netty-common\4.1.60.Final\netty-common-4.1.60.Final.jar;C:\Users\ssenthil1\.m2\repository\io\netty\netty-transport\4.1.60.Final\netty-transport-4.1.60.Final.jar;C:\Users\ssenthil1\.m2\repository\io\netty\netty-codec\4.1.60.Final\netty-codec-4.1.60.Final.jar;C:\Users\ssenthil1\.m2\repository\io\netty\netty-handler\4.1.60.Final\netty-handler-4.1.60.Final.jar;C:\Users\ssenthil1\.m2\repository\io\netty\netty-resolver\4.1.60.Final\netty-resolver-4.1.60.Final.jar;C:\Users\ssenthil1\.m2\repository\io\netty\netty-codec-socks\4.1.60.Final\netty-codec-socks-4.1.60.Final.jar;C:\Users\ssenthil1\.m2\repository\io\netty\netty-handler-proxy\4.1.60.Final\netty-handler-proxy-4.1.60.Final.jar;C:\Users\ssenthil1\.m2\repository\io\netty\netty-transport-native-epoll\4.1.60.Final\netty-transport-native-epoll-4.1.60.Final-linux-x86_64.jar;C:\Users\ssenthil1\.m2\repository\io\netty\netty-transport-native-unix-common\4.1.60.Final\netty-transport-native-unix-common-4.1.60.Final.jar;C:\Users\ssenthil1\.m2\repository\io\netty\netty-transport-native-kqueue\4.1.60.Final\netty-transport-native-kqueue-4.1.60.Final-osx-x86_64.jar;C:\Users\ssenthil1\.m2\repository\org\reactivestreams\reactive-streams\1.0.3\reactive-streams-1.0.3.jar;C:\Users\ssenthil1\.m2\repository\com\typesafe\netty\netty-reactive-streams\2.0.4\netty-reactive-streams-2.0.4.jar;C:\Users\ssenthil1\.m2\repository\com\sun\activation\jakarta.activation\1.2.2\jakarta.activation-1.2.2.jar;C:\Users\ssenthil1\.m2\repository\com\applitools\eyes-universal-core\5.39.0\eyes-universal-core-5.39.0.jar;C:\Users\ssenthil1\.m2\repository\com\helger\ph-css\6.1.1\ph-css-6.1.1.jar;C:\Users\ssenthil1\.m2\repository\com\helger\ph-commons\9.0.2\ph-commons-9.0.2.jar;C:\Users\ssenthil1\.m2\repository\javax\activation\activation\1.1.1\activation-1.1.1.jar;"/>
    <property name="sun.cpu.endian" value="little"/>
    <property name="user.home" value="C:\Users\ssenthil1"/>
    <property name="user.language" value="en"/>
    <property name="java.specification.vendor" value="Oracle Corporation"/>
    <property name="java.home" value="C:\Program Files (x86)\Common Files\MicroStrategy\JRE\180_222\Win32"/>
    <property name="basedir" value="P:\DX"/>
    <property name="file.separator" value="\"/>
    <property name="line.separator" value="&#10;"/>
    <property name="java.vm.specification.vendor" value="Oracle Corporation"/>
    <property name="java.specification.name" value="Java Platform API Specification"/>
    <property name="java.awt.graphicsenv" value="sun.awt.Win32GraphicsEnvironment"/>
    <property name="surefire.real.class.path" value="C:\Users\local_ssenthil1\Temp\1\surefire4499152004388583096\surefirebooter7053265781064480554.jar"/>
    <property name="sun.boot.class.path" value="C:\Program Files (x86)\Common Files\MicroStrategy\JRE\180_222\Win32\lib\resources.jar;C:\Program Files (x86)\Common Files\MicroStrategy\JRE\180_222\Win32\lib\rt.jar;C:\Program Files (x86)\Common Files\MicroStrategy\JRE\180_222\Win32\lib\sunrsasign.jar;C:\Program Files (x86)\Common Files\MicroStrategy\JRE\180_222\Win32\lib\jsse.jar;C:\Program Files (x86)\Common Files\MicroStrategy\JRE\180_222\Win32\lib\jce.jar;C:\Program Files (x86)\Common Files\MicroStrategy\JRE\180_222\Win32\lib\charsets.jar;C:\Program Files (x86)\Common Files\MicroStrategy\JRE\180_222\Win32\lib\jfr.jar;C:\Program Files (x86)\Common Files\MicroStrategy\JRE\180_222\Win32\classes"/>
    <property name="user.script" value=""/>
    <property name="sun.management.compiler" value="HotSpot Client Compiler"/>
    <property name="java.runtime.version" value="1.8.0_222-b10"/>
    <property name="user.name" value="ssenthil1"/>
    <property name="path.separator" value=";"/>
    <property name="os.version" value="10.0"/>
    <property name="java.endorsed.dirs" value="C:\Program Files (x86)\Common Files\MicroStrategy\JRE\180_222\Win32\lib\endorsed"/>
    <property name="java.runtime.name" value="OpenJDK Runtime Environment"/>
    <property name="file.encoding" value="Cp1252"/>
    <property name="sun.nio.ch.bugLevel" value=""/>
    <property name="java.vm.name" value="OpenJDK Client VM"/>
    <property name="localRepository" value="C:\Users\ssenthil1\.m2\repository"/>
    <property name="java.vendor.url.bug" value="http://bugreport.sun.com/bugreport/"/>
    <property name="java.io.tmpdir" value="C:\Users\local_ssenthil1\Temp\1\"/>
    <property name="java.version" value="1.8.0_222"/>
    <property name="user.dir" value="P:\DX"/>
    <property name="os.arch" value="x86"/>
    <property name="java.vm.specification.name" value="Java Virtual Machine Specification"/>
    <property name="bumblebee.test.type" value="TestNG"/>
    <property name="java.awt.printerjob" value="sun.awt.windows.WPrinterJob"/>
    <property name="sun.os.patch.level" value=""/>
    <property name="java.library.path" value="C:\Program Files (x86)\Common Files\MicroStrategy\JRE\180_222\Win32\bin;C:\WINDOWS\Sun\Java\bin;C:\WINDOWS\system32;C:\WINDOWS;C:\WINDOWS\system32;C:\WINDOWS;C:\WINDOWS\System32\Wbem;C:\WINDOWS\System32\WindowsPowerShell\v1.0;C:\WINDOWS\System32\OpenSSH;C:\Program Files (x86)\Windows Kits\10\Windows Performance Toolkit;C:\Program Files (x86)\Citrix\HDX\bin;C:\Program Files\Citrix\HDX\bin;C:\Program Files (x86)\Citrix\Workspace Environment Management Agent;C:\Program Files\Git\cmd;C:\Program Files (x86)\Microsoft SQL Server\150\DTS\Binn;C:\Program Files\Azure Data Studio\bin;C:\Program Files (x86)\Common Files\Oracle\Java\javapath;C:\Informatica\10.1.1\clients\tools\datadirect;C:\Program Files (x86)\Certara\MPICH2-1.4.1\bin;C:\Program Files (x86)\Certara\MPICH2-1.4.1\lib;C:\Program Files (x86)\Certara\Phoenix\application\lib\NLME\Executables;C:\Program Files (x86)\Common Files\MicroStrategy;C:\Program Files (x86)\MicroStrategy\Developer;C:\Program Files (x86)\Common Files\MicroStrategy\JRE\180_222\Win32\bin;C:\Program Files (x86)\Common Files\MicroStrategy\JRE\180_222\Win64\bin;C:\Program Files (x86)\Common Files\MicroStrategy\JRE\180_222\Win64\bin\server;C:\Program Files (x86)\Common Files\MicroStrategy\Help\English;C:\Program Files (x86)\MicroStrategy\Command Manager;C:\Program Files (x86)\MicroStrategy\Integrity Manager;C:\Program Files (x86)\Microsoft SQL Server\140\Tools\Binn;C:\Program Files\Microsoft SQL Server\140\Tools\Binn;C:\Program Files (x86)\Microsoft SQL Server\140\DTS\Binn;C:\Program Files\Microsoft SQL Server\140\DTS\Binn;C:\Program Files\Zulu\zulu-8\bin;C:\Maven\apache-maven-3.6.3-bin\apache-maven-3.6.3\bin;C:\Informatica\10.4.1\clients\tools\datadirect;C:\Informatica\10.4.1\clients\tools\odbcdrv;C:\Informatica\10.4.1\clients\tools\jdbcdrv;C:\Informatica\10.4.1\clients\tools\sharedlibs;C:\Informatica\10.4.1\clients\shared\security;C:\Program Files\Java\jre1.8.0_191\bin;C:\Informatica\10.2.0\clients\tools\datadirect;C:\Informatica\10.2.0\clients\tools\odbcdrv;C:\Informatica\10.2.0\clients\tools\jdbcdrv;C:\Informatica\10.2.0\clients\tools\sharedlibs;C:\Program Files\Microsoft SQL Server\130\Tools\Binn;C:\Program Files\Microsoft SQL Server\Client SDK\ODBC\170\Tools\Binn;C:\Program Files\dotnet;C:\Program Files\Zulu\zulu-16\bin;C:\Program Files\nodejs;C:\Program Files\Teradata\Client\16.10\bin;C:\oracle\instantclient_19_8;C:\Informatica\10.5.3\clients\tools\datadirect;C:\Program Files\Teradata\Client\15.10\bin;C:\Program Files (x86)\Teradata\Client\15.10\bin;C:\Program Files\Java\jre1.8.0_291\bin;C:\Program Files\Python310\Scripts;C:\Program Files\Python310;C:\Program Files\Microsoft VS Code\bin;C:\Program Files (x86)\Microsoft SDKs\Azure\CLI2\wbin;C:\Program Files\Cloud Applications Portable\terraform_1.2.8_windows_amd64;C:\Program Files\Cloud Applications Portable\terraform_0.12.24_windows_amd64;C:\Program Files\Cloud Applications Portable\terraform_1.1.7_windows_amd64;C:\Program Files\Amazon\AWSCLIV2;C:\Program Files\PuTTY;C:\Users\ssenthil1\AppData\Local\Microsoft\WindowsApps;C:\Users\ssenthil1\AppData\Local\GitHubDesktop\bin;."/>
    <property name="java.vm.info" value="mixed mode"/>
    <property name="java.vendor" value="AdoptOpenJDK"/>
    <property name="java.vm.version" value="25.222-b10"/>
    <property name="java.ext.dirs" value="C:\Program Files (x86)\Common Files\MicroStrategy\JRE\180_222\Win32\lib\ext;C:\WINDOWS\Sun\Java\lib\ext"/>
    <property name="sun.io.unicode.encoding" value="UnicodeLittle"/>
    <property name="java.class.version" value="52.0"/>
  </properties>
  <testcase name="HomePage_PreLogin_Desktop[com.cognizant.framework.selenium.SeleniumTestParameters@1b204a1](1)" classname="testscripts.Israel" time="129.746">
    <failure message="Applitools Validation" type="java.lang.AssertionError"><![CDATA[java.lang.AssertionError: Applitools Validation
	at testscripts.Israel.HomePage_PreLogin_Desktop(Israel.java:42)
]]></failure>
    <system-out><![CDATA[Configuring TestNG with: TestNG60Configurator
Bumblebee: Parsing file: P:\DX\bumblebee_config.xml
Bumblebee: Bumblebee configuration: Bumblebee Configuration [Bumblebee URL=http://fcloadctrprdn02.na.gilead.com:8080/bumblebee, ALM URL=http://sjetmapptstg01:8080/qcbin, ALM user=test, ALM domain=TEST, ALM project=EApprove_UAT, async update=false, take screenshot=true, enabled=true, remote test tool config=null, properties={}]
Bumblebee: Parsing file: P:\DX\bumblebee_config.xml
eyes | 2023-06-09 14:39:33.594 | [info] | Logs saved in: C:\Users\local_ssenthil1\Temp\1\applitools-logs
]]></system-out>
  </testcase>
  <testcase name="HomePage_PostLogin_Desktop[com.cognizant.framework.selenium.SeleniumTestParameters@3f50e3](1)" classname="testscripts.Israel" time="304.906">
    <failure message="Applitools Validation" type="java.lang.AssertionError"><![CDATA[java.lang.AssertionError: Applitools Validation
	at testscripts.Israel.HomePage_PostLogin_Desktop(Israel.java:51)
]]></failure>
  </testcase>
  <testcase name="Therapy_Oncology[com.cognizant.framework.selenium.SeleniumTestParameters@11e5514](1)" classname="testscripts.Israel" time="124.212">
    <failure message="Verify Navigation List Exist ; Error" type="java.lang.AssertionError"><![CDATA[java.lang.AssertionError: Verify Navigation List Exist ; Error
	at testscripts.Israel.Therapy_Oncology(Israel.java:60)
]]></failure>
  </testcase>
  <testcase name="ContentLibrary_Desktop[com.cognizant.framework.selenium.SeleniumTestParameters@90ba07](1)" classname="testscripts.Israel" time="127.839">
    <failure message="Applitools Validation" type="java.lang.AssertionError"><![CDATA[java.lang.AssertionError: Applitools Validation
	at testscripts.Israel.ContentLibrary_Desktop(Israel.java:69)
]]></failure>
  </testcase>
  <testcase name="EventsLandingPage_Validation[com.cognizant.framework.selenium.SeleniumTestParameters@1e0c179](1)" classname="testscripts.Israel" time="60.559">
    <failure message="Applitools Validation" type="java.lang.AssertionError"><![CDATA[java.lang.AssertionError: Applitools Validation
	at testscripts.Israel.EventsLandingPage_Validation(Israel.java:78)
]]></failure>
  </testcase>
  <testcase name="Trodelvy_Desktop[com.cognizant.framework.selenium.SeleniumTestParameters@1920fb0](1)" classname="testscripts.Israel" time="465.174">
    <failure message="Verify Navigation List Exist ; Applitools Validation" type="java.lang.AssertionError"><![CDATA[java.lang.AssertionError: Verify Navigation List Exist ; Applitools Validation
	at testscripts.Israel.Trodelvy_Desktop(Israel.java:88)
]]></failure>
  </testcase>
  <testcase name="CIAM_Registration_Field_Validation[com.cognizant.framework.selenium.SeleniumTestParameters@dd0fd7](1)" classname="testscripts.Israel" time="363.899"/>
  <testcase name="CIAM_Login_SelfServiceFuctionality_Validation[com.cognizant.framework.selenium.SeleniumTestParameters@51180d](1)" classname="testscripts.Israel" time="123.902">
    <failure message="Error" type="java.lang.AssertionError"><![CDATA[java.lang.AssertionError: Error
	at testscripts.Israel.CIAM_Login_SelfServiceFuctionality_Validation(Israel.java:106)
]]></failure>
  </testcase>
</testsuite>