<?xml version="1.0" encoding="UTF-8"?>
<!-- Generated by org.testng.reporters.JUnitReportReporter -->
<testsuite skipped="0" hostname="GVDIWIN10D-62" name="Testing1" tests="1" failures="0" timestamp="13 Dec 2021 08:02:20 GMT" time="0.062" errors="0">
  <testcase name="f" time="0.062" classname="Testing1"/>
</testsuite> <!-- Testing1 -->
