<?xml version="1.0" encoding="UTF-8"?>
<!-- Generated by org.testng.reporters.JUnitReportReporter -->
<testsuite skipped="0" hostname="sjxd7STAprdn845" name="testscripts.GeneralProcess" tests="1" failures="0" timestamp="2023-05-03T20:05:10 IST" time="19.712" errors="0">
  <testcase name="verifyCurrentSubmissionView" time="19.712" classname="testscripts.GeneralProcess"/>
  <system-out/>
</testsuite> <!-- testscripts.GeneralProcess -->
