<?xml version="1.0" encoding="UTF-8"?>
<!-- Generated by org.testng.reporters.JUnitReportReporter -->
<testsuite skipped="0" hostname="sjxd7STAprdn845" name="pages.UserRoles" tests="5" failures="0" timestamp="2023-04-08T01:18:46 IST" time="162.109" errors="0">
  <testcase name="verifyPurgeCommentForNonAdmin" time="32.822" classname="pages.UserRoles"/>
  <system-out/>
  <testcase name="verifyAddExportTransferPurgeComments" time="40.628" classname="pages.UserRoles"/>
  <system-out/>
  <testcase name="verifyAddCommentForNonECTD" time="24.721" classname="pages.UserRoles"/>
  <system-out/>
  <testcase name="verifyPurgeCommentAtElementLevel" time="30.706" classname="pages.UserRoles"/>
  <system-out/>
  <testcase name="verifyPurgeCommentAtReport" time="33.232" classname="pages.UserRoles"/>
  <system-out/>
</testsuite> <!-- pages.UserRoles -->
