<?xml version="1.0" encoding="UTF-8"?>
<!-- Generated by org.testng.reporters.JUnitReportReporter -->
<testsuite skipped="0" hostname="sjxd7STAprdn126" name="testscripts.Reporting" tests="1" failures="0" timestamp="2023-08-31T21:01:46 IST" time="843.878" errors="0">
  <testcase name="tC_Reporting_E2E" time="843.878" classname="testscripts.Reporting"/>
  <system-out/>
</testsuite> <!-- testscripts.Reporting -->
