<?xml version="1.0" encoding="UTF-8"?>
<!-- Generated by org.testng.reporters.JUnitReportReporter -->
<testsuite skipped="0" hostname="z1xd7steprdn004" name="testscripts.ModelNAutomationscripts" tests="1" failures="0" timestamp="2023-09-13T01:45:44 PDT" time="884.220" errors="0">
  <testcase name="tC_GPForFCPPriceType" time="884.220" classname="testscripts.ModelNAutomationscripts"/>
  <system-out/>
</testsuite> <!-- testscripts.ModelNAutomationscripts -->
