<?xml version="1.0" encoding="UTF-8"?>
<!-- Generated by org.testng.reporters.JUnitReportReporter -->
<testsuite skipped="0" hostname="sjxd7STAprdn845" name="testscripts.Search" tests="1" failures="0" timestamp="2023-05-03T18:02:32 IST" time="15.559" errors="0">
  <testcase name="verifyContentSearch" time="15.559" classname="testscripts.Search"/>
  <system-out/>
</testsuite> <!-- testscripts.Search -->
