<?xml version="1.0" encoding="UTF-8"?>
<!-- Generated by org.testng.reporters.JUnitReportReporter -->
<testsuite skipped="0" hostname="sjxd7STAprdn845" name="testscripts.UserRoles" tests="1" failures="0" timestamp="2023-04-30T23:13:08 IST" time="43.714" errors="0">
  <testcase name="verifyAddExportTransferPurgeComments" time="43.714" classname="testscripts.UserRoles"/>
  <system-out/>
</testsuite> <!-- testscripts.UserRoles -->
