<?xml version="1.0" encoding="UTF-8"?>
<!-- Generated by org.testng.reporters.JUnitReportReporter -->
<testsuite skipped="0" hostname="z1xd7steprdn004" name="testscripts.Managecare" tests="1" failures="0" timestamp="2023-08-30T21:00:08 IST" time="4370.007" errors="0">
  <testcase name="tC_ManagecareETE" time="4370.007" classname="testscripts.Managecare"/>
  <system-out/>
</testsuite> <!-- testscripts.Managecare -->
