<?xml version="1.0" encoding="UTF-8"?>
<!-- Generated by org.testng.reporters.JUnitReportReporter -->
<testsuite skipped="0" hostname="sjxd7STAprdn126" name="testscripts.Contract" tests="1" failures="0" timestamp="2023-08-18T17:58:58 IST" time="3005.308" errors="0">
  <testcase name="tC_Contract_E2E" time="3005.308" classname="testscripts.Contract"/>
  <system-out/>
</testsuite> <!-- testscripts.Contract -->
