<?xml version="1.0" encoding="UTF-8"?>
<!-- Generated by org.testng.reporters.JUnitReportReporter -->
<testsuite skipped="0" hostname="z1xd7creprdn216" name="testscripts.Admin" tests="8" failures="0" timestamp="2023-05-23T00:07:46 IST" time="1228.458" errors="0">
  <testcase name="HomePage_PreLogin_Desktop" time="87.752" classname="testscripts.Admin"/>
  <system-out/>
  <testcase name="HomePage_PostLogin_Desktop" time="135.588" classname="testscripts.Admin"/>
  <system-out/>
  <testcase name="Trodelvy_Desktop" time="303.129" classname="testscripts.Admin"/>
  <system-out/>
  <testcase name="ContentLibrary_Desktop" time="135.835" classname="testscripts.Admin"/>
  <system-out/>
  <testcase name="Therapy_Oncology" time="117.346" classname="testscripts.Admin"/>
  <system-out/>
  <testcase name="CIAM_Login_SelfServiceFuctionality_Validation" time="55.663" classname="testscripts.Admin"/>
  <system-out/>
  <testcase name="CIAM_Registration_Field_Validation" time="332.311" classname="testscripts.Admin"/>
  <system-out/>
  <testcase name="EventsLandingPage_Validation" time="60.834" classname="testscripts.Admin"/>
  <system-out/>
</testsuite> <!-- testscripts.Admin -->
