<?xml version="1.0" encoding="UTF-8"?>
<!-- Generated by org.testng.reporters.JUnitReportReporter -->
<testsuite skipped="0" hostname="z1xd7steprdn197" name="testscripts.InstRebate" tests="1" failures="0" timestamp="2023-09-20T18:49:53 IST" time="2618.428" errors="0">
  <testcase name="tC_InstRebates_E2E" time="2618.428" classname="testscripts.InstRebate"/>
  <system-out/>
</testsuite> <!-- testscripts.InstRebate -->
