<?xml version="1.0" encoding="UTF-8"?>
<!-- Generated by org.testng.reporters.JUnitReportReporter -->
<testsuite skipped="0" hostname="sjxd7STAprdn845" name="testscripts.Reports" tests="1" failures="0" timestamp="2023-04-28T13:07:22 IST" time="26.172" errors="0">
  <testcase name="prerequisitesForReports" time="26.172" classname="testscripts.Reports"/>
  <system-out/>
</testsuite> <!-- testscripts.Reports -->
