<?xml version="1.0" encoding="UTF-8"?>
<!-- Generated by org.testng.reporters.JUnitReportReporter -->
<testsuite skipped="0" hostname="sjxd7STAprdn845" name="testscripts.GUI" tests="1" failures="0" timestamp="2023-05-02T13:58:25 IST" time="17.399" errors="0">
  <testcase name="verifySwissMedicAdminInfo" time="17.399" classname="testscripts.GUI"/>
  <system-out/>
</testsuite> <!-- testscripts.GUI -->
