<?xml version="1.0" encoding="UTF-8"?>
<!-- Generated by org.testng.reporters.JUnitReportReporter -->
<testsuite skipped="0" hostname="z1xd7steprdn197" name="testscripts.MDM" tests="1" failures="0" timestamp="2023-09-20T11:03:01 IST" time="1025.723" errors="0">
  <testcase name="tC_MDM_E2E" time="1025.723" classname="testscripts.MDM"/>
  <system-out/>
</testsuite> <!-- testscripts.MDM -->
