<?xml version="1.0" encoding="UTF-8"?>
<!-- Generated by org.testng.reporters.JUnitReportReporter -->
<testsuite skipped="0" hostname="z1xd7steprdn004" name="testscripts.Medicaid" tests="1" failures="0" timestamp="2023-09-14T03:23:40 PDT" time="284.674" errors="0">
  <testcase name="tC_MedicaidETEProcessFlow" time="284.674" classname="testscripts.Medicaid"/>
  <system-out/>
</testsuite> <!-- testscripts.Medicaid -->
