<?xml version="1.0" encoding="UTF-8"?>
<!-- Generated by org.testng.reporters.JUnitReportReporter -->
<testsuite hostname="sjxd7STAprdn134" failures="0" tests="1" name="testscripts.FSS" time="33.886" errors="0" timestamp="2022-02-02T20:24:20 GMT+05:30" skipped="0">
  <testcase classname="testscripts.FSS" name="TC001_FSS" time="33.886"/>
  <system-out/>
</testsuite> <!-- testscripts.FSS -->
